{
  "RSpec": {
    "coverage": {
      "/Users/brittlewis/dev/cinnamin/app/controllers/app_controller.rb": [
        1,
        1,
        null
      ],
      "/Users/brittlewis/dev/cinnamin/app/controllers/application_controller.rb": [
        1,
        null,
        null,
        1,
        null
      ],
      "/Users/brittlewis/dev/cinnamin/spec/controllers/users_controller_spec.rb": [
        1,
        null,
        1,
        1,
        1,
        1,
        null,
        null,
        null,
        null,
        null,
        1,
        1,
        null,
        null,
        null,
        null,
        null,
        null
      ],
      "/Users/brittlewis/dev/cinnamin/app/controllers/users_controller.rb": [
        1,
        1,
        0,
        0,
        0,
        null,
        null
      ],
      "/Users/brittlewis/dev/cinnamin/spec/models/group_spec.rb": [
        1,
        null,
        1,
        1,
        2,
        null,
        null,
        1,
        2,
        2,
        2,
        null,
        null
      ],
      "/Users/brittlewis/dev/cinnamin/app/models/group.rb": [
        1,
        1,
        null,
        1,
        1,
        1,
        null
      ],
      "/Users/brittlewis/dev/cinnamin/spec/models/message_spec.rb": [
        1,
        null,
        1,
        1,
        2,
        2,
        2,
        null,
        null,
        1,
        2,
        2,
        null,
        null
      ],
      "/Users/brittlewis/dev/cinnamin/app/models/message.rb": [
        1,
        1,
        null,
        null,
        null,
        1,
        1,
        null
      ],
      "/Users/brittlewis/dev/cinnamin/spec/models/user_spec.rb": [
        1,
        null,
        1,
        1,
        2,
        2,
        null,
        2,
        null,
        null,
        1,
        2,
        2,
        2,
        null,
        null
      ],
      "/Users/brittlewis/dev/cinnamin/app/models/user.rb": [
        1,
        1,
        null,
        null,
        1,
        1,
        1,
        null,
        1,
        null
      ]
    },
    "timestamp": 1387407971
  }
}
