{
  "RSpec": {
    "coverage": {
      "/Users/brittlewis/dev/cinnamin/app/controllers/app_controller.rb": [
        1,
        1,
        null
      ],
      "/Users/brittlewis/dev/cinnamin/app/controllers/application_controller.rb": [
        1,
        null,
        null,
        1,
        null
      ],
      "/Users/brittlewis/dev/cinnamin/app/controllers/users_controller.rb": [
        1,
        1,
        1,
        null,
        1,
        1,
        null,
        0,
        null,
        null,
        null,
        1,
        null,
        1,
        1,
        null,
        null,
        1,
        1,
        null,
        null
      ],
      "/Users/brittlewis/dev/cinnamin/app/models/user.rb": [
        1,
        1,
        null,
        null,
        1,
        1,
        1,
        null,
        1,
        null
      ]
    },
    "timestamp": 1388974815
  }
}
